<?xml version="1.0" encoding="UTF-8" ?>
<testsuite failures="0" time="0.001" errors="0" skipped="0" tests="1" name="spek.test.TestSpecificationRunner">
  <properties>
    <property name="java.runtime.name" value="Java(TM) SE Runtime Environment"/>
    <property name="sun.boot.library.path" value="E:\Program Files (x86)\Java\jdk1.7.0\jre\bin"/>
    <property name="java.vm.version" value="21.0-b17"/>
    <property name="user.country.format" value="BE"/>
    <property name="java.vm.vendor" value="Oracle Corporation"/>
    <property name="java.vendor.url" value="http://java.oracle.com/"/>
    <property name="path.separator" value=";"/>
    <property name="guice.disable.misplaced.annotation.check" value="true"/>
    <property name="java.vm.name" value="Java HotSpot(TM) Client VM"/>
    <property name="file.encoding.pkg" value="sun.io"/>
    <property name="idea.launcher.port" value="7544"/>
    <property name="user.script" value=""/>
    <property name="user.country" value="US"/>
    <property name="sun.java.launcher" value="SUN_STANDARD"/>
    <property name="sun.os.patch.level" value=""/>
    <property name="java.vm.specification.name" value="Java Virtual Machine Specification"/>
    <property name="user.dir" value="G:\Sourcecode\Spek"/>
    <property name="java.runtime.version" value="1.7.0-b147"/>
    <property name="java.awt.graphicsenv" value="sun.awt.Win32GraphicsEnvironment"/>
    <property name="java.endorsed.dirs" value="E:\Program Files (x86)\Java\jdk1.7.0\jre\lib\endorsed"/>
    <property name="os.arch" value="x86"/>
    <property name="java.io.tmpdir" value="E:\Users\CHRIST~1\AppData\Local\Temp\"/>
    <property name="line.separator" value="
"/>
    <property name="java.vm.specification.vendor" value="Oracle Corporation"/>
    <property name="user.variant" value=""/>
    <property name="os.name" value="Windows NT (unknown)"/>
    <property name="classworlds.conf" value="E:\Program Files (x86)\apache-maven-3.0.4\bin\m2.conf"/>
    <property name="sun.jnu.encoding" value="Cp1252"/>
    <property name="java.library.path" value="E:\Program Files (x86)\Java\jdk1.7.0\bin;E:\WINDOWS\Sun\Java\bin;E:\WINDOWS\system32;E:\WINDOWS;E:\Program Files (x86)\JetBrains\IntelliJ IDEA 122.813\bin\..\.\bin;E:\Program Files (x86)\PC Connectivity Solution\;E:\Program Files (x86)\NVIDIA Corporation\PhysX\Common;E:\Program Files\Common Files\Microsoft Shared\Windows Live;E:\Program Files (x86)\Common Files\Microsoft Shared\Windows Live;E:\WINDOWS\system32;E:\WINDOWS;E:\WINDOWS\System32\Wbem;E:\WINDOWS\System32\WindowsPowerShell\v1.0\;E:\Program Files (x86)\Acronis\TrueImageHome\;E:\Program Files (x86)\Belgium Identity Card;E:\Program Files (x86)\Windows Live\Shared;E:\Program Files\Microsoft\Web Platform Installer\;E:\Program Files (x86)\Microsoft ASP.NET\ASP.NET Web Pages\v1.0\;E:\Program Files (x86)\Windows Kits\8.0\Windows Performance Toolkit\;E:\Program Files\Microsoft SQL Server\110\Tools\Binn\;E:\Program Files (x86)\apache-maven-3.0.4\bin;E:\Chocolatey\bin;E:\Program Files (x86)\Git\cmd;;e:\program files (x86)\jetbrains\intellij idea 122.813\jre\jre\bin;."/>
    <property name="javax.xml.parsers.SAXParserFactory" value="com.sun.org.apache.xerces.internal.jaxp.SAXParserFactoryImpl"/>
    <property name="java.specification.name" value="Java Platform API Specification"/>
    <property name="java.class.version" value="51.0"/>
    <property name="sun.management.compiler" value="HotSpot Client Compiler"/>
    <property name="os.version" value="6.2"/>
    <property name="user.home" value="E:\Users\christiaan"/>
    <property name="user.timezone" value="Europe/Paris"/>
    <property name="java.awt.printerjob" value="sun.awt.windows.WPrinterJob"/>
    <property name="java.specification.version" value="1.7"/>
    <property name="idea.launcher.bin.path" value="E:\Program Files (x86)\JetBrains\IntelliJ IDEA 122.813\bin"/>
    <property name="file.encoding" value="UTF-8"/>
    <property name="user.name" value="christiaan"/>
    <property name="java.class.path" value="E:\Program Files (x86)\apache-maven-3.0.4\boot\plexus-classworlds-2.4.jar;E:\Program Files (x86)\JetBrains\IntelliJ IDEA 122.813\lib\idea_rt.jar"/>
    <property name="java.vm.specification.version" value="1.7"/>
    <property name="sun.arch.data.model" value="32"/>
    <property name="java.home" value="E:\Program Files (x86)\Java\jdk1.7.0\jre"/>
    <property name="sun.java.command" value="com.intellij.rt.execution.application.AppMain org.codehaus.classworlds.Launcher --no-plugin-registry --fail-fast --strict-checksums --update-snapshots test"/>
    <property name="java.specification.vendor" value="Oracle Corporation"/>
    <property name="user.language" value="en"/>
    <property name="user.language.format" value="nl"/>
    <property name="awt.toolkit" value="sun.awt.windows.WToolkit"/>
    <property name="java.vm.info" value="mixed mode, sharing"/>
    <property name="java.version" value="1.7.0"/>
    <property name="java.ext.dirs" value="E:\Program Files (x86)\Java\jdk1.7.0\jre\lib\ext;E:\WINDOWS\Sun\Java\lib\ext"/>
    <property name="sun.boot.class.path" value="E:\Program Files (x86)\Java\jdk1.7.0\jre\lib\resources.jar;E:\Program Files (x86)\Java\jdk1.7.0\jre\lib\rt.jar;E:\Program Files (x86)\Java\jdk1.7.0\jre\lib\sunrsasign.jar;E:\Program Files (x86)\Java\jdk1.7.0\jre\lib\jsse.jar;E:\Program Files (x86)\Java\jdk1.7.0\jre\lib\jce.jar;E:\Program Files (x86)\Java\jdk1.7.0\jre\lib\charsets.jar;E:\Program Files (x86)\Java\jdk1.7.0\jre\classes"/>
    <property name="java.vendor" value="Oracle Corporation"/>
    <property name="java.awt.headless" value="true"/>
    <property name="maven.home" value="E:\Program Files (x86)\apache-maven-3.0.4"/>
    <property name="file.separator" value="\"/>
    <property name="java.vendor.url.bug" value="http://bugreport.sun.com/bugreport/"/>
    <property name="sun.cpu.endian" value="little"/>
    <property name="sun.io.unicode.encoding" value="UnicodeLittle"/>
    <property name="sun.desktop" value="windows"/>
    <property name="sun.cpu.isalist" value="pentium_pro+mmx pentium_pro pentium+mmx pentium i486 i386 i86"/>
  </properties>
  <testcase time="0" classname="spek.test.TestSpecificationRunner" name="creating_a_specification_runner_should_return_instance"/>
</testsuite>